<?xml version="1.0" encoding="UTF-8"?>
<beans xmlns:xsi="http://www.w3.org/2001/XMLSchema-instance"
       xmlns="http://www.springframework.org/schema/beans"
       xsi:schemaLocation="
       http://www.springframework.org/schema/beans
       http://www.springframework.org/schema/beans/spring-beans.xsd
       http://camel.apache.org/schema/spring
       http://camel.apache.org/schema/spring/camel-spring.xsd">

    <camelContext id="copyFileTest" xmlns="http://camel.apache.org/schema/spring">
        <propertyPlaceholder id="properties">
            <propertiesLocation resolver="classpath" path="test-camel-file.properties"/>
        </propertyPlaceholder>
        <route autoStartup="false">
            <from uri="file:{{file.inbox}}?noop=true"/>
            <to uri="file:{{file.outbox}}"/>
        </route>
    </camelContext>

</beans>
